<?xml version="1.0" encoding="UTF-8"?>
<!-- Generated by org.testng.reporters.JUnitXMLReporter -->
<testsuite hostname="menyz.local" name="Default test" tests="3" failures="0" timestamp="18 Dec 2014 07:18:45 GMT" time="0.021" errors="0">
  <testcase name="@BeforeSuite setupBeforeSuite" time="0.0" classname="com.pp.android.auto.SanityAndroid">
    <failure type="java.lang.AssertionError" message="Never Lose a Photo isn&amp;apos;t visible">
      <![CDATA[java.lang.AssertionError: Never Lose a Photo isn't visible
	at org.testng.Assert.fail(Assert.java:94)
	at com.pp.android.auto.AndroidGenericMethods.isTextPresentAndroid(AndroidGenericMethods.java:855)
	at com.pp.android.auto.AndroidGenericMethods.cleanLoginAndroid(AndroidGenericMethods.java:57)
	at com.pp.android.auto.SanityAndroid.setupBeforeSuite(SanityAndroid.java:42)
	at sun.reflect.NativeMethodAccessorImpl.invoke0(Native Method)
	at sun.reflect.NativeMethodAccessorImpl.invoke(NativeMethodAccessorImpl.java:62)
	at sun.reflect.DelegatingMethodAccessorImpl.invoke(DelegatingMethodAccessorImpl.java:43)
	at java.lang.reflect.Method.invoke(Method.java:483)
	at org.testng.internal.MethodInvocationHelper.invokeMethod(MethodInvocationHelper.java:84)
	at org.testng.internal.Invoker.invokeConfigurationMethod(Invoker.java:564)
	at org.testng.internal.Invoker.invokeConfigurations(Invoker.java:213)
	at org.testng.internal.Invoker.invokeConfigurations(Invoker.java:138)
	at org.testng.SuiteRunner.privateRun(SuiteRunner.java:277)
	at org.testng.SuiteRunner.run(SuiteRunner.java:240)
	at org.testng.SuiteRunnerWorker.runSuite(SuiteRunnerWorker.java:52)
	at org.testng.SuiteRunnerWorker.run(SuiteRunnerWorker.java:86)
	at org.testng.TestNG.runSuitesSequentially(TestNG.java:1224)
	at org.testng.TestNG.runSuitesLocally(TestNG.java:1149)
	at org.testng.TestNG.run(TestNG.java:1057)
	at org.testng.remote.RemoteTestNG.run(RemoteTestNG.java:111)
	at org.testng.remote.RemoteTestNG.initAndRun(RemoteTestNG.java:204)
	at org.testng.remote.RemoteTestNG.main(RemoteTestNG.java:175)
]]>
    </failure>
  </testcase> <!-- @BeforeSuite setupBeforeSuite -->
  <testcase name="sendMail" time="0.001" classname="com.pp.android.auto.SendReport">
    <skipped/>
  </testcase> <!-- sendMail -->
  <testcase name="runSuccessFaillure" time="0.0" classname="com.pp.android.auto.TestResults">
    <skipped/>
  </testcase> <!-- runSuccessFaillure -->
  <testcase name="testCreatefolder" time="0.001" classname="com.pp.android.auto.SanityAndroid">
    <skipped/>
  </testcase> <!-- testCreatefolder -->
</testsuite> <!-- Default test -->
