<?xml version="1.0" encoding="UTF-8"?>
<!-- Generated by org.testng.reporters.JUnitXMLReporter -->
<testsuite hostname="menyz.local" name="Sanity Tests" tests="1" failures="1" timestamp="27 Jan 2015 19:47:07 GMT" time="387.88" errors="0">
  <testcase name="search" time="387.619" classname="com.pp.android.auto.SanityAndroid">
    <failure type="java.lang.AssertionError" message="Search contactsdidn&amp;apos;t displayed">
      <![CDATA[java.lang.AssertionError: Search contactsdidn't displayed
	at com.pp.android.auto.AndroidGenericMethods.sendName(AndroidGenericMethods.java:795)
	at com.pp.android.auto.SanityAndroid.search(SanityAndroid.java:511)
... Removed 25 stack frames]]>
    </failure>
  </testcase> <!-- search -->
</testsuite> <!-- Sanity Tests -->
