<?xml version="1.0" encoding="UTF-8"?>
<!-- Generated by org.testng.reporters.JUnitXMLReporter -->
<testsuite hostname="menyz.local" name="Sanity Tests" tests="1" failures="1" timestamp="13 Jan 2015 22:47:48 GMT" time="38.995" errors="0">
  <testcase name="createSnapShot" time="38.516" classname="com.pp.android.auto.SanityAndroid">
    <failure type="org.openqa.selenium.WebDriverException" message="ERROR running Appium command: Cannot call method &amp;apos;shell&amp;apos; of null
Command duration or timeout: 17 milliseconds
Build info: version: &amp;apos;2.44.0&amp;apos;, revision: &amp;apos;76d78cf&amp;apos;, time: &amp;apos;2014-10-23 20:03:00&amp;apos;
System info: host: &amp;apos;menyz.local&amp;apos;, ip: &amp;apos;192.168.1.105&amp;apos;, os.name: &amp;apos;Mac OS X&amp;apos;, os.arch: &amp;apos;x86_64&amp;apos;, os.version: &amp;apos;10.9.5&amp;apos;, java.version: &amp;apos;1.8.0_11&amp;apos;
Driver info: io.appium.java_client.android.AndroidDriver
Capabilities [{app=/Users/qa/Desktop/Appium/Android/Pogoplug.apk, appPackage=com.pogoplug.android, networkConnectionEnabled=true, warnings={}, appWaitActivity=com.pogoplug.android.login.ui.IntroPage, databaseEnabled=false, version=, deviceName=G, platform=ANDROID, appActivity=com.pogoplug.android.login.Splash, desired={app=/Users/qa/Desktop/Appium/Android/Pogoplug.apk, appPackage=com.pogoplug.android, appActivity=com.pogoplug.android.login.Splash, appium-version=1.3.4, platformVersion=4.4, appWaitActivity=com.pogoplug.android.login.ui.IntroPage, browserName=android, platformName=Android, version=, deviceName=G, platform=ANDROID}, appium-version=1.3.4, platformVersion=4.4, webStorageEnabled=false, locationContextEnabled=false, browserName=android, takesScreenshot=true, javascriptEnabled=true, platformName=Android}]
Session ID: 63d2aefa-174c-486b-8b21-5c5c08231105">
      <![CDATA[org.openqa.selenium.WebDriverException: ERROR running Appium command: Cannot call method 'shell' of null
Command duration or timeout: 17 milliseconds
Build info: version: '2.44.0', revision: '76d78cf', time: '2014-10-23 20:03:00'
System info: host: 'menyz.local', ip: '192.168.1.105', os.name: 'Mac OS X', os.arch: 'x86_64', os.version: '10.9.5', java.version: '1.8.0_11'
Driver info: io.appium.java_client.android.AndroidDriver
Capabilities [{app=/Users/qa/Desktop/Appium/Android/Pogoplug.apk, appPackage=com.pogoplug.android, networkConnectionEnabled=true, warnings={}, appWaitActivity=com.pogoplug.android.login.ui.IntroPage, databaseEnabled=false, version=, deviceName=G, platform=ANDROID, appActivity=com.pogoplug.android.login.Splash, desired={app=/Users/qa/Desktop/Appium/Android/Pogoplug.apk, appPackage=com.pogoplug.android, appActivity=com.pogoplug.android.login.Splash, appium-version=1.3.4, platformVersion=4.4, appWaitActivity=com.pogoplug.android.login.ui.IntroPage, browserName=android, platformName=Android, version=, deviceName=G, platform=ANDROID}, appium-version=1.3.4, platformVersion=4.4, webStorageEnabled=false, locationContextEnabled=false, browserName=android, takesScreenshot=true, javascriptEnabled=true, platformName=Android}]
Session ID: 63d2aefa-174c-486b-8b21-5c5c08231105
	at org.openqa.selenium.remote.ErrorHandler.createThrowable(ErrorHandler.java:204)
	at org.openqa.selenium.remote.ErrorHandler.throwIfResponseFailed(ErrorHandler.java:156)
	at org.openqa.selenium.remote.RemoteWebDriver.execute(RemoteWebDriver.java:599)
	at io.appium.java_client.AppiumDriver.execute(AppiumDriver.java:180)
	at io.appium.java_client.AppiumDriver.execute(AppiumDriver.java:185)
	at org.openqa.selenium.remote.RemoteWebDriver.getScreenshotAs(RemoteWebDriver.java:324)
	at com.pp.android.auto.AndroidGenericMethods.takeScreenShot(AndroidGenericMethods.java:335)
	at com.pp.android.auto.AndroidGenericMethods.clickName(AndroidGenericMethods.java:658)
	at com.pp.android.auto.SanityAndroid.createSnapShot(SanityAndroid.java:418)
... Removed 28 stack frames]]>
    </failure>
  </testcase> <!-- createSnapShot -->
</testsuite> <!-- Sanity Tests -->
