<?xml version="1.0" encoding="UTF-8"?>
<!-- Generated by org.testng.reporters.JUnitXMLReporter -->
<testsuite hostname="menyz.local" name="Command line test" tests="1" failures="1" timestamp="27 Dec 2014 17:06:18 GMT" time="93.893" errors="0">
  <testcase name="testUploadImage" time="83.369" classname="com.pp.android.auto.SanityAndroid">
    <failure type="java.lang.AssertionError" message="Image not available still visible">
      <![CDATA[java.lang.AssertionError: Image not available still visible
	at com.pp.android.auto.AndroidGenericMethods.isElementInvisibleTextNative(AndroidGenericMethods.java:1020)
	at com.pp.android.auto.SanityAndroid.testUploadImage(SanityAndroid.java:210)
	at com.pp.android.auto.RunAndroid.main(RunAndroid.java:30)
... Removed 22 stack frames]]>
    </failure>
  </testcase> <!-- testUploadImage -->
</testsuite> <!-- Command line test -->
