<?xml version="1.0" encoding="UTF-8"?>
<!-- Generated by org.testng.reporters.JUnitXMLReporter -->
<testsuite hostname="menyz.local" name="Command line test" tests="1" failures="1" timestamp="18 Dec 2014 07:09:59 GMT" time="43.025" errors="0">
  <testcase name="testCreatefolder" time="43.011" classname="com.pp.android.auto.SanityAndroid">
    <failure type="org.openqa.selenium.WebDriverException" message="An unknown server-side error occurred while processing the command. (WARNING: The server did not provide any stacktrace information)
Command duration or timeout: 3.37 seconds
Build info: version: &amp;apos;2.44.0&amp;apos;, revision: &amp;apos;76d78cf&amp;apos;, time: &amp;apos;2014-10-23 20:03:00&amp;apos;
System info: host: &amp;apos;menyz.local&amp;apos;, ip: &amp;apos;10.0.0.27&amp;apos;, os.name: &amp;apos;Mac OS X&amp;apos;, os.arch: &amp;apos;x86_64&amp;apos;, os.version: &amp;apos;10.9.5&amp;apos;, java.version: &amp;apos;1.8.0_11&amp;apos;
Driver info: io.appium.java_client.android.AndroidDriver
Capabilities [{app=/Users/qa/Desktop/Appium/Android/Pogoplug-5.10.0.35-20141113_165145.apk, appPackage=com.pogoplug.android, networkConnectionEnabled=true, warnings={}, appWaitActivity=com.pogoplug.android.login.ui.IntroPage, databaseEnabled=false, deviceName=Android Emulator, platform=LINUX, appActivity=com.pogoplug.android.login.Splash, desired={app=/Users/qa/Desktop/Appium/Android/Pogoplug-5.10.0.35-20141113_165145.apk, appPackage=com.pogoplug.android, appActivity=com.pogoplug.android.login.Splash, appium-version=1.3.3, platformVersion=4.4, appWaitActivity=com.pogoplug.android.login.ui.IntroPage, platformName=Android, deviceName=Android Emulator}, appium-version=1.3.3, platformVersion=4.4, webStorageEnabled=false, locationContextEnabled=false, browserName=Android, takesScreenshot=true, javascriptEnabled=true, platformName=Android}]
Session ID: bba11d72-f3af-4b20-99ae-598499579050">
      <![CDATA[org.openqa.selenium.WebDriverException: An unknown server-side error occurred while processing the command. (WARNING: The server did not provide any stacktrace information)
Command duration or timeout: 3.37 seconds
Build info: version: '2.44.0', revision: '76d78cf', time: '2014-10-23 20:03:00'
System info: host: 'menyz.local', ip: '10.0.0.27', os.name: 'Mac OS X', os.arch: 'x86_64', os.version: '10.9.5', java.version: '1.8.0_11'
Driver info: io.appium.java_client.android.AndroidDriver
Capabilities [{app=/Users/qa/Desktop/Appium/Android/Pogoplug-5.10.0.35-20141113_165145.apk, appPackage=com.pogoplug.android, networkConnectionEnabled=true, warnings={}, appWaitActivity=com.pogoplug.android.login.ui.IntroPage, databaseEnabled=false, deviceName=Android Emulator, platform=LINUX, appActivity=com.pogoplug.android.login.Splash, desired={app=/Users/qa/Desktop/Appium/Android/Pogoplug-5.10.0.35-20141113_165145.apk, appPackage=com.pogoplug.android, appActivity=com.pogoplug.android.login.Splash, appium-version=1.3.3, platformVersion=4.4, appWaitActivity=com.pogoplug.android.login.ui.IntroPage, platformName=Android, deviceName=Android Emulator}, appium-version=1.3.3, platformVersion=4.4, webStorageEnabled=false, locationContextEnabled=false, browserName=Android, takesScreenshot=true, javascriptEnabled=true, platformName=Android}]
Session ID: bba11d72-f3af-4b20-99ae-598499579050
	at org.openqa.selenium.remote.ErrorHandler.createThrowable(ErrorHandler.java:204)
	at org.openqa.selenium.remote.ErrorHandler.throwIfResponseFailed(ErrorHandler.java:156)
	at org.openqa.selenium.remote.RemoteWebDriver.execute(RemoteWebDriver.java:599)
	at io.appium.java_client.AppiumDriver.execute(AppiumDriver.java:180)
	at io.appium.java_client.AppiumDriver.performTouchAction(AppiumDriver.java:304)
	at io.appium.java_client.TouchAction.perform(TouchAction.java:253)
	at com.pp.android.auto.SanityAndroid.testCreatefolder(SanityAndroid.java:130)
	at com.pp.android.auto.RunAndroid.main(RunAndroid.java:30)
... Removed 25 stack frames]]>
    </failure>
  </testcase> <!-- testCreatefolder -->
</testsuite> <!-- Command line test -->
