<?xml version="1.0" encoding="UTF-8"?>
<testng-results skipped="0" failed="0" total="2" passed="2">
  <reporter-output>
  </reporter-output>
  <suite name="Suite" duration-ms="3364742" started-at="2015-02-15T19:54:00Z" finished-at="2015-02-15T20:50:05Z">
    <groups>
      <group name="Sanity Android1">
        <method signature="SanityAndroid.createRestoreSnapShot()[pri:0, instance:com.pp.android.auto.SanityAndroid@527e5409]" name="createRestoreSnapShot" class="com.pp.android.auto.SanityAndroid"/>
        <method signature="SanityAndroid.tour()[pri:0, instance:com.pp.android.auto.SanityAndroid@527e5409]" name="tour" class="com.pp.android.auto.SanityAndroid"/>
      </group> <!-- Sanity Android1 -->
    </groups>
    <test name="Sanity Tests" duration-ms="3364742" started-at="2015-02-15T19:54:00Z" finished-at="2015-02-15T20:50:05Z">
      <class name="com.pp.android.auto.SanityAndroid">
        <test-method status="PASS" signature="setupBeforeSuite(org.testng.ITestContext)[pri:0, instance:com.pp.android.auto.SanityAndroid@527e5409]" name="setupBeforeSuite" is-config="true" duration-ms="57720" started-at="2015-02-15T21:53:02Z" finished-at="2015-02-15T21:54:00Z">
          <params>
            <param index="0">
              <value>
                <![CDATA[org.testng.TestRunner@6063d80a]]>
              </value>
            </param>
          </params>
          <reporter-output>
          </reporter-output>
        </test-method> <!-- setupBeforeSuite -->
        <test-method status="PASS" signature="checkHomeScreen()[pri:0, instance:com.pp.android.auto.SanityAndroid@527e5409]" name="checkHomeScreen" is-config="true" duration-ms="198" started-at="2015-02-15T21:54:00Z" finished-at="2015-02-15T21:54:00Z">
          <reporter-output>
          </reporter-output>
        </test-method> <!-- checkHomeScreen -->
        <test-method status="PASS" signature="createRestoreSnapShot()[pri:0, instance:com.pp.android.auto.SanityAndroid@527e5409]" name="createRestoreSnapShot" duration-ms="2001046" started-at="2015-02-15T21:54:00Z" description="Settings: create &amp; restore a snapshot" finished-at="2015-02-15T22:27:21Z">
          <reporter-output>
          </reporter-output>
        </test-method> <!-- createRestoreSnapShot -->
        <test-method status="PASS" signature="checkHomeScreen()[pri:0, instance:com.pp.android.auto.SanityAndroid@527e5409]" name="checkHomeScreen" is-config="true" duration-ms="97099" started-at="2015-02-15T22:27:21Z" finished-at="2015-02-15T22:28:58Z">
          <reporter-output>
          </reporter-output>
        </test-method> <!-- checkHomeScreen -->
        <test-method status="PASS" signature="tour()[pri:0, instance:com.pp.android.auto.SanityAndroid@527e5409]" name="tour" duration-ms="1266257" started-at="2015-02-15T22:28:58Z" description="Test TOUR for New accounts and for upgrade accounts" finished-at="2015-02-15T22:50:05Z">
          <reporter-output>
          </reporter-output>
        </test-method> <!-- tour -->
        <test-method status="PASS" signature="sendMail()[pri:0, instance:com.pp.android.auto.SanityAndroid@527e5409]" name="sendMail" is-config="true" duration-ms="1131" started-at="2015-02-15T22:50:05Z" finished-at="2015-02-15T22:50:06Z">
          <reporter-output>
          </reporter-output>
        </test-method> <!-- sendMail -->
      </class> <!-- com.pp.android.auto.SanityAndroid -->
    </test> <!-- Sanity Tests -->
  </suite> <!-- Suite -->
</testng-results>
