<?xml version="1.0" encoding="UTF-8"?>
<testng-results skipped="0" failed="0" total="1" passed="1">
  <reporter-output>
  </reporter-output>
  <suite name="Suite" duration-ms="64281" started-at="2015-03-25T20:23:48Z" finished-at="2015-03-25T20:24:53Z">
    <groups>
      <group name="Sanity Android1">
        <method signature="SanityAndroid.badCredentials()[pri:0, instance:com.pp.android.auto.SanityAndroid@255b53dc]" name="badCredentials" class="com.pp.android.auto.SanityAndroid"/>
      </group> <!-- Sanity Android1 -->
    </groups>
    <test name="Sanity Tests" duration-ms="64281" started-at="2015-03-25T20:23:48Z" finished-at="2015-03-25T20:24:53Z">
      <class name="com.pp.android.auto.SanityAndroid">
        <test-method status="PASS" signature="setupBeforeSuite(org.testng.ITestContext)[pri:0, instance:com.pp.android.auto.SanityAndroid@255b53dc]" name="setupBeforeSuite" is-config="true" duration-ms="57256" started-at="2015-03-25T22:22:51Z" finished-at="2015-03-25T22:23:48Z">
          <params>
            <param index="0">
              <value>
                <![CDATA[org.testng.TestRunner@6b5966e1]]>
              </value>
            </param>
          </params>
          <reporter-output>
          </reporter-output>
        </test-method> <!-- setupBeforeSuite -->
        <test-method status="PASS" signature="badCredentials()[pri:0, instance:com.pp.android.auto.SanityAndroid@255b53dc]" name="badCredentials" duration-ms="64266" started-at="2015-03-25T22:23:48Z" description="login with bad/missing credentials , forgot password (negative &amp; positive)" finished-at="2015-03-25T22:24:53Z">
          <reporter-output>
          </reporter-output>
        </test-method> <!-- badCredentials -->
      </class> <!-- com.pp.android.auto.SanityAndroid -->
    </test> <!-- Sanity Tests -->
  </suite> <!-- Suite -->
</testng-results>
