<?xml version="1.0" encoding="UTF-8"?>
<testng-results skipped="0" failed="0" total="1" passed="1">
  <reporter-output>
  </reporter-output>
  <suite name="Suite" duration-ms="532122" started-at="2015-01-08T09:34:55Z" finished-at="2015-01-08T09:43:47Z">
    <groups>
      <group name="Sanity Android now">
        <method signature="SanityAndroid.testTour()[pri:0, instance:com.pp.android.auto.SanityAndroid@7fc229ab]" name="testTour" class="com.pp.android.auto.SanityAndroid"/>
      </group> <!-- Sanity Android now -->
    </groups>
    <test name="Sanity Tests" duration-ms="532122" started-at="2015-01-08T09:34:55Z" finished-at="2015-01-08T09:43:47Z">
      <class name="com.pp.android.auto.SanityAndroid">
        <test-method status="PASS" signature="setupBeforeSuite(org.testng.ITestContext)[pri:0, instance:com.pp.android.auto.SanityAndroid@7fc229ab]" name="setupBeforeSuite" is-config="true" duration-ms="54528" started-at="2015-01-08T11:34:01Z" finished-at="2015-01-08T11:34:55Z">
          <params>
            <param index="0">
              <value>
                <![CDATA[org.testng.TestRunner@3c9168dc]]>
              </value>
            </param>
          </params>
          <reporter-output>
          </reporter-output>
        </test-method> <!-- setupBeforeSuite -->
        <test-method status="PASS" signature="checkHomeScreen()[pri:0, instance:com.pp.android.auto.SanityAndroid@7fc229ab]" name="checkHomeScreen" is-config="true" duration-ms="287" started-at="2015-01-08T11:34:55Z" finished-at="2015-01-08T11:34:56Z">
          <reporter-output>
          </reporter-output>
        </test-method> <!-- checkHomeScreen -->
        <test-method status="PASS" signature="testTour()[pri:0, instance:com.pp.android.auto.SanityAndroid@7fc229ab]" name="testTour" duration-ms="531809" started-at="2015-01-08T11:34:56Z" description="Test TOUR for New accounts and for upgrade accounts" finished-at="2015-01-08T11:43:47Z">
          <reporter-output>
          </reporter-output>
        </test-method> <!-- testTour -->
        <test-method status="PASS" signature="sendMail()[pri:0, instance:com.pp.android.auto.SanityAndroid@7fc229ab]" name="sendMail" is-config="true" duration-ms="1084" started-at="2015-01-08T11:43:47Z" finished-at="2015-01-08T11:43:49Z">
          <reporter-output>
          </reporter-output>
        </test-method> <!-- sendMail -->
      </class> <!-- com.pp.android.auto.SanityAndroid -->
    </test> <!-- Sanity Tests -->
  </suite> <!-- Suite -->
</testng-results>
