<?xml version="1.0" encoding="UTF-8"?>
<testng-results skipped="0" failed="0" total="1" passed="1">
  <reporter-output>
  </reporter-output>
  <suite name="Command line suite" duration-ms="4011" started-at="2015-02-21T19:20:46Z" finished-at="2015-02-21T19:20:50Z">
    <groups>
      <group name="send mail">
        <method signature="SendReport.sendMail()[pri:0, instance:com.pp.android.auto.SendReport@5afa3c9]" name="sendMail" class="com.pp.android.auto.SendReport"/>
      </group> <!-- send mail -->
    </groups>
    <test name="Command line test" duration-ms="4011" started-at="2015-02-21T19:20:46Z" finished-at="2015-02-21T19:20:50Z">
      <class name="com.pp.android.auto.SendReport">
        <test-method status="PASS" signature="sendMail()[pri:0, instance:com.pp.android.auto.SendReport@5afa3c9]" name="sendMail" duration-ms="4009" started-at="2015-02-21T21:20:46Z" finished-at="2015-02-21T21:20:50Z">
          <reporter-output>
          </reporter-output>
        </test-method> <!-- sendMail -->
      </class> <!-- com.pp.android.auto.SendReport -->
    </test> <!-- Command line test -->
  </suite> <!-- Command line suite -->
</testng-results>
