<?xml version="1.0" encoding="UTF-8"?>
<testng-results skipped="0" failed="0" total="1" passed="1">
  <reporter-output>
  </reporter-output>
  <suite name="Suite" duration-ms="149741" started-at="2015-01-20T13:46:55Z" finished-at="2015-01-20T13:49:24Z">
    <groups>
      <group name="Sanity Android1">
        <method signature="SanityAndroid.createRestoreSnapShot()[pri:0, instance:com.pp.android.auto.SanityAndroid@527e5409]" name="createRestoreSnapShot" class="com.pp.android.auto.SanityAndroid"/>
      </group> <!-- Sanity Android1 -->
    </groups>
    <test name="Sanity Tests" duration-ms="149741" started-at="2015-01-20T13:46:55Z" finished-at="2015-01-20T13:49:24Z">
      <class name="com.pp.android.auto.SanityAndroid">
        <test-method status="PASS" signature="setupBeforeSuite(org.testng.ITestContext)[pri:0, instance:com.pp.android.auto.SanityAndroid@527e5409]" name="setupBeforeSuite" is-config="true" duration-ms="41428" started-at="2015-01-20T15:46:13Z" finished-at="2015-01-20T15:46:55Z">
          <params>
            <param index="0">
              <value>
                <![CDATA[org.testng.TestRunner@669513d8]]>
              </value>
            </param>
          </params>
          <reporter-output>
          </reporter-output>
        </test-method> <!-- setupBeforeSuite -->
        <test-method status="PASS" signature="checkHomeScreen()[pri:0, instance:com.pp.android.auto.SanityAndroid@527e5409]" name="checkHomeScreen" is-config="true" duration-ms="407" started-at="2015-01-20T15:46:55Z" finished-at="2015-01-20T15:46:55Z">
          <reporter-output>
          </reporter-output>
        </test-method> <!-- checkHomeScreen -->
        <test-method status="PASS" signature="createRestoreSnapShot()[pri:0, instance:com.pp.android.auto.SanityAndroid@527e5409]" name="createRestoreSnapShot" duration-ms="149267" started-at="2015-01-20T15:46:55Z" description="Settings: create &amp; restore a snapshot" finished-at="2015-01-20T15:49:24Z">
          <reporter-output>
          </reporter-output>
        </test-method> <!-- createRestoreSnapShot -->
        <test-method status="PASS" signature="sendMail()[pri:0, instance:com.pp.android.auto.SanityAndroid@527e5409]" name="sendMail" is-config="true" duration-ms="1256" started-at="2015-01-20T15:49:25Z" finished-at="2015-01-20T15:49:26Z">
          <reporter-output>
          </reporter-output>
        </test-method> <!-- sendMail -->
      </class> <!-- com.pp.android.auto.SanityAndroid -->
    </test> <!-- Sanity Tests -->
  </suite> <!-- Suite -->
</testng-results>
