<?xml version="1.0" encoding="UTF-8"?>
<testng-results skipped="0" failed="0" total="1" passed="1">
  <reporter-output>
  </reporter-output>
  <suite name="Suite" duration-ms="45601" started-at="2014-12-18T14:14:26Z" finished-at="2014-12-18T14:15:12Z">
    <groups>
      <group name="Sanity Android">
        <method signature="SanityAndroid.testCreatefolder()[pri:0, instance:com.pp.android.auto.SanityAndroid@2cbb3d47]" name="testCreatefolder" class="com.pp.android.auto.SanityAndroid"/>
      </group> <!-- Sanity Android -->
    </groups>
    <test name="Sanity Tests" duration-ms="45601" started-at="2014-12-18T14:14:26Z" finished-at="2014-12-18T14:15:12Z">
      <class name="com.pp.android.auto.SanityAndroid">
        <test-method status="PASS" signature="setupBeforeSuite(org.testng.ITestContext)[pri:0, instance:com.pp.android.auto.SanityAndroid@2cbb3d47]" name="setupBeforeSuite" is-config="true" duration-ms="43678" started-at="2014-12-18T16:13:43Z" finished-at="2014-12-18T16:14:26Z">
          <params>
            <param index="0">
              <value>
                <![CDATA[org.testng.TestRunner@c7a975a]]>
              </value>
            </param>
          </params>
          <reporter-output>
          </reporter-output>
        </test-method> <!-- setupBeforeSuite -->
        <test-method status="PASS" signature="testCreatefolder()[pri:0, instance:com.pp.android.auto.SanityAndroid@2cbb3d47]" name="testCreatefolder" duration-ms="45580" started-at="2014-12-18T16:14:26Z" description="Test the Create folder with Android" finished-at="2014-12-18T16:15:12Z">
          <reporter-output>
          </reporter-output>
        </test-method> <!-- testCreatefolder -->
      </class> <!-- com.pp.android.auto.SanityAndroid -->
    </test> <!-- Sanity Tests -->
  </suite> <!-- Suite -->
</testng-results>
