<?xml version="1.0" encoding="UTF-8"?>
<testng-results skipped="1" failed="0" total="1" passed="0">
  <reporter-output>
  </reporter-output>
  <suite name="Suite" duration-ms="26" started-at="2014-12-18T12:05:18Z" finished-at="2014-12-18T12:05:18Z">
    <groups>
      <group name="Sanity Android">
        <method signature="SanityAndroid.testCreatefolder()[pri:0, instance:com.pp.android.auto.SanityAndroid@15761df8]" name="testCreatefolder" class="com.pp.android.auto.SanityAndroid"/>
      </group> <!-- Sanity Android -->
    </groups>
    <test name="Sanity Tests" duration-ms="26" started-at="2014-12-18T12:05:18Z" finished-at="2014-12-18T12:05:18Z">
      <class name="com.pp.android.auto.SanityAndroid">
        <test-method status="FAIL" signature="setupBeforeSuite(org.testng.ITestContext)[pri:0, instance:com.pp.android.auto.SanityAndroid@15761df8]" name="setupBeforeSuite" is-config="true" duration-ms="0" started-at="2014-12-18T14:04:31Z" finished-at="2014-12-18T14:04:31Z">
          <params>
            <param index="0">
              <value>
                <![CDATA[org.testng.TestRunner@56c9bbd8]]>
              </value>
            </param>
          </params>
          <exception class="org.openqa.selenium.WebDriverException">
            <message>
              <![CDATA[An unknown server-side error occurred while processing the command. (WARNING: The server did not provide any stacktrace information)
Command duration or timeout: 3.10 seconds
Build info: version: '2.44.0', revision: '76d78cf', time: '2014-10-23 20:03:00'
System info: host: 'menyz.local', ip: '10.0.0.27', os.name: 'Mac OS X', os.arch: 'x86_64', os.version: '10.9.5', java.version: '1.8.0_11'
Driver info: io.appium.java_client.android.AndroidDriver
Capabilities [{app=/Users/qa/Desktop/Appium/Android/Pogoplug-5.10.0.35-20141113_165145.apk, appPackage=com.pogoplug.android, networkConnectionEnabled=true, warnings={}, appWaitActivity=com.pogoplug.android.login.ui.IntroPage, databaseEnabled=false, deviceName=Android Emulator, platform=LINUX, appActivity=com.pogoplug.android.login.Splash, desired={app=/Users/qa/Desktop/Appium/Android/Pogoplug-5.10.0.35-20141113_165145.apk, appPackage=com.pogoplug.android, appActivity=com.pogoplug.android.login.Splash, appium-version=1.3.3, platformVersion=4.4, appWaitActivity=com.pogoplug.android.login.ui.IntroPage, platformName=Android, deviceName=Android Emulator}, appium-version=1.3.3, platformVersion=4.4, webStorageEnabled=false, locationContextEnabled=false, browserName=Android, takesScreenshot=true, javascriptEnabled=true, platformName=Android}]
Session ID: 462449da-9207-414e-b5cf-a0cb2e4a5319]]>
            </message>
            <full-stacktrace>
              <![CDATA[org.openqa.selenium.WebDriverException: An unknown server-side error occurred while processing the command. (WARNING: The server did not provide any stacktrace information)
Command duration or timeout: 3.10 seconds
Build info: version: '2.44.0', revision: '76d78cf', time: '2014-10-23 20:03:00'
System info: host: 'menyz.local', ip: '10.0.0.27', os.name: 'Mac OS X', os.arch: 'x86_64', os.version: '10.9.5', java.version: '1.8.0_11'
Driver info: io.appium.java_client.android.AndroidDriver
Capabilities [{app=/Users/qa/Desktop/Appium/Android/Pogoplug-5.10.0.35-20141113_165145.apk, appPackage=com.pogoplug.android, networkConnectionEnabled=true, warnings={}, appWaitActivity=com.pogoplug.android.login.ui.IntroPage, databaseEnabled=false, deviceName=Android Emulator, platform=LINUX, appActivity=com.pogoplug.android.login.Splash, desired={app=/Users/qa/Desktop/Appium/Android/Pogoplug-5.10.0.35-20141113_165145.apk, appPackage=com.pogoplug.android, appActivity=com.pogoplug.android.login.Splash, appium-version=1.3.3, platformVersion=4.4, appWaitActivity=com.pogoplug.android.login.ui.IntroPage, platformName=Android, deviceName=Android Emulator}, appium-version=1.3.3, platformVersion=4.4, webStorageEnabled=false, locationContextEnabled=false, browserName=Android, takesScreenshot=true, javascriptEnabled=true, platformName=Android}]
Session ID: 462449da-9207-414e-b5cf-a0cb2e4a5319
	at sun.reflect.NativeConstructorAccessorImpl.newInstance0(Native Method)
	at sun.reflect.NativeConstructorAccessorImpl.newInstance(NativeConstructorAccessorImpl.java:62)
	at sun.reflect.DelegatingConstructorAccessorImpl.newInstance(DelegatingConstructorAccessorImpl.java:45)
	at java.lang.reflect.Constructor.newInstance(Constructor.java:408)
	at org.openqa.selenium.remote.ErrorHandler.createThrowable(ErrorHandler.java:204)
	at org.openqa.selenium.remote.ErrorHandler.throwIfResponseFailed(ErrorHandler.java:156)
	at org.openqa.selenium.remote.RemoteWebDriver.execute(RemoteWebDriver.java:599)
	at io.appium.java_client.AppiumDriver.execute(AppiumDriver.java:180)
	at io.appium.java_client.AppiumDriver.performTouchAction(AppiumDriver.java:304)
	at io.appium.java_client.TouchAction.perform(TouchAction.java:253)
	at com.pp.android.auto.AndroidGenericMethods.cleanLoginAndroid(AndroidGenericMethods.java:48)
	at com.pp.android.auto.SanityAndroid.setupBeforeSuite(SanityAndroid.java:41)
	at sun.reflect.NativeMethodAccessorImpl.invoke0(Native Method)
	at sun.reflect.NativeMethodAccessorImpl.invoke(NativeMethodAccessorImpl.java:62)
	at sun.reflect.DelegatingMethodAccessorImpl.invoke(DelegatingMethodAccessorImpl.java:43)
	at java.lang.reflect.Method.invoke(Method.java:483)
	at org.testng.internal.MethodInvocationHelper.invokeMethod(MethodInvocationHelper.java:84)
	at org.testng.internal.Invoker.invokeConfigurationMethod(Invoker.java:564)
	at org.testng.internal.Invoker.invokeConfigurations(Invoker.java:213)
	at org.testng.internal.Invoker.invokeConfigurations(Invoker.java:138)
	at org.testng.SuiteRunner.privateRun(SuiteRunner.java:277)
	at org.testng.SuiteRunner.run(SuiteRunner.java:240)
	at org.testng.SuiteRunnerWorker.runSuite(SuiteRunnerWorker.java:52)
	at org.testng.SuiteRunnerWorker.run(SuiteRunnerWorker.java:86)
	at org.testng.TestNG.runSuitesSequentially(TestNG.java:1224)
	at org.testng.TestNG.runSuitesLocally(TestNG.java:1149)
	at org.testng.TestNG.run(TestNG.java:1057)
	at org.testng.remote.RemoteTestNG.run(RemoteTestNG.java:111)
	at org.testng.remote.RemoteTestNG.initAndRun(RemoteTestNG.java:204)
	at org.testng.remote.RemoteTestNG.main(RemoteTestNG.java:175)
]]>
            </full-stacktrace>
          </exception> <!-- org.openqa.selenium.WebDriverException -->
          <reporter-output>
          </reporter-output>
        </test-method> <!-- setupBeforeSuite -->
        <test-method status="SKIP" signature="testCreatefolder()[pri:0, instance:com.pp.android.auto.SanityAndroid@15761df8]" name="testCreatefolder" duration-ms="1" started-at="2014-12-18T14:05:18Z" description="Test the Create folder with Android" finished-at="2014-12-18T14:05:18Z">
          <reporter-output>
          </reporter-output>
        </test-method> <!-- testCreatefolder -->
      </class> <!-- com.pp.android.auto.SanityAndroid -->
    </test> <!-- Sanity Tests -->
  </suite> <!-- Suite -->
</testng-results>
