<?xml version="1.0" encoding="UTF-8"?>
<testng-results skipped="0" failed="1" total="1" passed="0">
  <reporter-output>
  </reporter-output>
  <suite name="Suite" duration-ms="38995" started-at="2015-01-13T22:47:09Z" finished-at="2015-01-13T22:47:48Z">
    <groups>
      <group name="Sanity Android1">
        <method signature="SanityAndroid.createSnapShot()[pri:0, instance:com.pp.android.auto.SanityAndroid@527e5409]" name="createSnapShot" class="com.pp.android.auto.SanityAndroid"/>
      </group> <!-- Sanity Android1 -->
    </groups>
    <test name="Sanity Tests" duration-ms="38995" started-at="2015-01-13T22:47:09Z" finished-at="2015-01-13T22:47:48Z">
      <class name="com.pp.android.auto.SanityAndroid">
        <test-method status="PASS" signature="setupBeforeSuite(org.testng.ITestContext)[pri:0, instance:com.pp.android.auto.SanityAndroid@527e5409]" name="setupBeforeSuite" is-config="true" duration-ms="47379" started-at="2015-01-14T00:46:21Z" finished-at="2015-01-14T00:47:09Z">
          <params>
            <param index="0">
              <value>
                <![CDATA[org.testng.TestRunner@184497d1]]>
              </value>
            </param>
          </params>
          <reporter-output>
          </reporter-output>
        </test-method> <!-- setupBeforeSuite -->
        <test-method status="PASS" signature="checkHomeScreen()[pri:0, instance:com.pp.android.auto.SanityAndroid@527e5409]" name="checkHomeScreen" is-config="true" duration-ms="434" started-at="2015-01-14T00:47:09Z" finished-at="2015-01-14T00:47:09Z">
          <reporter-output>
          </reporter-output>
        </test-method> <!-- checkHomeScreen -->
        <test-method status="FAIL" signature="createSnapShot()[pri:0, instance:com.pp.android.auto.SanityAndroid@527e5409]" name="createSnapShot" duration-ms="38516" started-at="2015-01-14T00:47:09Z" description="Settings: Passcode" finished-at="2015-01-14T00:47:48Z">
          <exception class="org.openqa.selenium.WebDriverException">
            <message>
              <![CDATA[ERROR running Appium command: Cannot call method 'shell' of null
Command duration or timeout: 17 milliseconds
Build info: version: '2.44.0', revision: '76d78cf', time: '2014-10-23 20:03:00'
System info: host: 'menyz.local', ip: '192.168.1.105', os.name: 'Mac OS X', os.arch: 'x86_64', os.version: '10.9.5', java.version: '1.8.0_11'
Driver info: io.appium.java_client.android.AndroidDriver
Capabilities [{app=/Users/qa/Desktop/Appium/Android/Pogoplug.apk, appPackage=com.pogoplug.android, networkConnectionEnabled=true, warnings={}, appWaitActivity=com.pogoplug.android.login.ui.IntroPage, databaseEnabled=false, version=, deviceName=G, platform=ANDROID, appActivity=com.pogoplug.android.login.Splash, desired={app=/Users/qa/Desktop/Appium/Android/Pogoplug.apk, appPackage=com.pogoplug.android, appActivity=com.pogoplug.android.login.Splash, appium-version=1.3.4, platformVersion=4.4, appWaitActivity=com.pogoplug.android.login.ui.IntroPage, browserName=android, platformName=Android, version=, deviceName=G, platform=ANDROID}, appium-version=1.3.4, platformVersion=4.4, webStorageEnabled=false, locationContextEnabled=false, browserName=android, takesScreenshot=true, javascriptEnabled=true, platformName=Android}]
Session ID: 63d2aefa-174c-486b-8b21-5c5c08231105]]>
            </message>
            <full-stacktrace>
              <![CDATA[org.openqa.selenium.WebDriverException: ERROR running Appium command: Cannot call method 'shell' of null
Command duration or timeout: 17 milliseconds
Build info: version: '2.44.0', revision: '76d78cf', time: '2014-10-23 20:03:00'
System info: host: 'menyz.local', ip: '192.168.1.105', os.name: 'Mac OS X', os.arch: 'x86_64', os.version: '10.9.5', java.version: '1.8.0_11'
Driver info: io.appium.java_client.android.AndroidDriver
Capabilities [{app=/Users/qa/Desktop/Appium/Android/Pogoplug.apk, appPackage=com.pogoplug.android, networkConnectionEnabled=true, warnings={}, appWaitActivity=com.pogoplug.android.login.ui.IntroPage, databaseEnabled=false, version=, deviceName=G, platform=ANDROID, appActivity=com.pogoplug.android.login.Splash, desired={app=/Users/qa/Desktop/Appium/Android/Pogoplug.apk, appPackage=com.pogoplug.android, appActivity=com.pogoplug.android.login.Splash, appium-version=1.3.4, platformVersion=4.4, appWaitActivity=com.pogoplug.android.login.ui.IntroPage, browserName=android, platformName=Android, version=, deviceName=G, platform=ANDROID}, appium-version=1.3.4, platformVersion=4.4, webStorageEnabled=false, locationContextEnabled=false, browserName=android, takesScreenshot=true, javascriptEnabled=true, platformName=Android}]
Session ID: 63d2aefa-174c-486b-8b21-5c5c08231105
	at sun.reflect.NativeConstructorAccessorImpl.newInstance0(Native Method)
	at sun.reflect.NativeConstructorAccessorImpl.newInstance(NativeConstructorAccessorImpl.java:62)
	at sun.reflect.DelegatingConstructorAccessorImpl.newInstance(DelegatingConstructorAccessorImpl.java:45)
	at java.lang.reflect.Constructor.newInstance(Constructor.java:408)
	at org.openqa.selenium.remote.ErrorHandler.createThrowable(ErrorHandler.java:204)
	at org.openqa.selenium.remote.ErrorHandler.throwIfResponseFailed(ErrorHandler.java:156)
	at org.openqa.selenium.remote.RemoteWebDriver.execute(RemoteWebDriver.java:599)
	at io.appium.java_client.AppiumDriver.execute(AppiumDriver.java:180)
	at io.appium.java_client.AppiumDriver.execute(AppiumDriver.java:185)
	at org.openqa.selenium.remote.RemoteWebDriver.getScreenshotAs(RemoteWebDriver.java:324)
	at com.pp.android.auto.AndroidGenericMethods.takeScreenShot(AndroidGenericMethods.java:335)
	at com.pp.android.auto.AndroidGenericMethods.clickName(AndroidGenericMethods.java:658)
	at com.pp.android.auto.SanityAndroid.createSnapShot(SanityAndroid.java:418)
	at sun.reflect.NativeMethodAccessorImpl.invoke0(Native Method)
	at sun.reflect.NativeMethodAccessorImpl.invoke(NativeMethodAccessorImpl.java:62)
	at sun.reflect.DelegatingMethodAccessorImpl.invoke(DelegatingMethodAccessorImpl.java:43)
	at java.lang.reflect.Method.invoke(Method.java:483)
	at org.testng.internal.MethodInvocationHelper.invokeMethod(MethodInvocationHelper.java:84)
	at org.testng.internal.Invoker.invokeMethod(Invoker.java:714)
	at org.testng.internal.Invoker.invokeTestMethod(Invoker.java:901)
	at org.testng.internal.Invoker.invokeTestMethods(Invoker.java:1231)
	at org.testng.internal.TestMethodWorker.invokeTestMethods(TestMethodWorker.java:127)
	at org.testng.internal.TestMethodWorker.run(TestMethodWorker.java:111)
	at org.testng.TestRunner.privateRun(TestRunner.java:767)
	at org.testng.TestRunner.run(TestRunner.java:617)
	at org.testng.SuiteRunner.runTest(SuiteRunner.java:334)
	at org.testng.SuiteRunner.runSequentially(SuiteRunner.java:329)
	at org.testng.SuiteRunner.privateRun(SuiteRunner.java:291)
	at org.testng.SuiteRunner.run(SuiteRunner.java:240)
	at org.testng.SuiteRunnerWorker.runSuite(SuiteRunnerWorker.java:52)
	at org.testng.SuiteRunnerWorker.run(SuiteRunnerWorker.java:86)
	at org.testng.TestNG.runSuitesSequentially(TestNG.java:1224)
	at org.testng.TestNG.runSuitesLocally(TestNG.java:1149)
	at org.testng.TestNG.run(TestNG.java:1057)
	at org.testng.remote.RemoteTestNG.run(RemoteTestNG.java:111)
	at org.testng.remote.RemoteTestNG.initAndRun(RemoteTestNG.java:204)
	at org.testng.remote.RemoteTestNG.main(RemoteTestNG.java:175)
]]>
            </full-stacktrace>
          </exception> <!-- org.openqa.selenium.WebDriverException -->
          <reporter-output>
          </reporter-output>
        </test-method> <!-- createSnapShot -->
        <test-method status="PASS" signature="sendMail()[pri:0, instance:com.pp.android.auto.SanityAndroid@527e5409]" name="sendMail" is-config="true" duration-ms="10" started-at="2015-01-14T00:47:48Z" finished-at="2015-01-14T00:47:48Z">
          <reporter-output>
          </reporter-output>
        </test-method> <!-- sendMail -->
      </class> <!-- com.pp.android.auto.SanityAndroid -->
    </test> <!-- Sanity Tests -->
  </suite> <!-- Suite -->
</testng-results>
